0 verbose cli C:\Program Files\nodejs\node.exe C:\Users\sri45\AppData\Roaming\npm\node_modules\npm\bin\npm-cli.js
1 info using npm@10.6.0
2 info using node@v18.18.2
3 silly config:load:file:C:\Users\sri45\AppData\Roaming\npm\node_modules\npm\npmrc
4 silly config:load:file:C:\Users\sri45\OneDrive\Desktop\DermDetect\DermDetect\.npmrc
5 silly config:load:file:C:\Users\sri45\.npmrc
6 silly config:load:file:C:\Users\sri45\AppData\Roaming\npm\etc\npmrc
7 verbose title npm exec create-react-app client
8 verbose argv "exec" "--" "create-react-app" "client"
9 verbose logfile logs-max:10 dir:C:\Users\sri45\OneDrive\Desktop\DermDetect\DermDetect\.npm-cache\_logs\2024-07-03T03_52_50_023Z-
10 verbose logfile C:\Users\sri45\OneDrive\Desktop\DermDetect\DermDetect\.npm-cache\_logs\2024-07-03T03_52_50_023Z-debug-0.log
11 silly logfile done cleaning log files
12 http fetch GET 200 https://registry.npmjs.org/npm 857ms
13 notice
13 notice New [33mminor[39m version of npm available! [33m10.6.0[39m -> [34m10.8.1[39m
13 notice Changelog: [34mhttps://github.com/npm/cli/releases/tag/v10.8.1[39m
13 notice To update run: [4mnpm install -g npm@10.8.1[24m
13 notice  { force: true, [Symbol(proc-log.meta)]: true }
14 verbose exit 0
15 info ok
